[debug] [2020-11-18T19:52:11.892Z] ----------------------------------------------------------------------
[debug] [2020-11-18T19:52:11.894Z] Command:       /Users/jwlbaart/.nvm/versions/node/v12.19.1/bin/node /Users/jwlbaart/git/prive/nike-sales-tracker/node_modules/.bin/firebase emulators:start
[debug] [2020-11-18T19:52:11.894Z] CLI Version:   8.16.2
[debug] [2020-11-18T19:52:11.894Z] Platform:      darwin
[debug] [2020-11-18T19:52:11.894Z] Node Version:  v12.19.1
[debug] [2020-11-18T19:52:11.895Z] Time:          Wed Nov 18 2020 20:52:11 GMT+0100 (Central European Standard Time)
[debug] [2020-11-18T19:52:11.895Z] ----------------------------------------------------------------------
[debug] [2020-11-18T19:52:11.895Z] 
[debug] [2020-11-18T19:52:11.900Z] > command requires scopes: ["email","openid","https://www.googleapis.com/auth/cloudplatformprojects.readonly","https://www.googleapis.com/auth/firebase","https://www.googleapis.com/auth/cloud-platform"]
[debug] [2020-11-18T19:52:11.900Z] > authorizing via signed-in user
[info] i  emulators: Starting emulators: auth, functions, firestore {"metadata":{"emulator":{"name":"hub"},"message":"Starting emulators: auth, functions, firestore"}}
[debug] [2020-11-18T19:52:11.914Z] [hub] writing locator at /var/folders/mz/jsz3f5x56sd02b_g2np6fwd40000gn/T/hub-nike-sales-tracker.json
[warn] ⚠  functions: The following emulators are not running, calls to these services from the Functions emulator will affect production: database, hosting, pubsub {"metadata":{"emulator":{"name":"functions"},"message":"The following emulators are not running, calls to these services from the Functions emulator will affect production: \u001b[1mdatabase, hosting, pubsub\u001b[22m"}}
[info] ✔  functions: Using node@12 from host. {"metadata":{"emulator":{"name":"functions"},"message":"Using node@12 from host."}}
[debug] [2020-11-18T19:52:11.936Z] defaultcredentials: writing to file /Users/jwlbaart/.config/firebase/jwbaart_gmail_com_application_default_credentials.json
[debug] [2020-11-18T19:52:11.938Z] Setting GAC to /Users/jwlbaart/.config/firebase/jwbaart_gmail_com_application_default_credentials.json {"metadata":{"emulator":{"name":"functions"},"message":"Setting GAC to /Users/jwlbaart/.config/firebase/jwbaart_gmail_com_application_default_credentials.json"}}
[debug] [2020-11-18T19:52:12.314Z] Ignoring unsupported arg: projectId {"metadata":{"emulator":{"name":"firestore"},"message":"Ignoring unsupported arg: projectId"}}
[debug] [2020-11-18T19:52:12.315Z] Ignoring unsupported arg: auto_download {"metadata":{"emulator":{"name":"firestore"},"message":"Ignoring unsupported arg: auto_download"}}
[debug] [2020-11-18T19:52:12.315Z] Starting Firestore Emulator with command {"binary":"java","args":["-Duser.language=en","-jar","/Users/jwlbaart/.cache/firebase/emulators/cloud-firestore-emulator-v1.11.9.jar","--host","localhost","--port",8080,"--rules","/Users/jwlbaart/git/prive/nike-sales-tracker/firestore.rules","--functions_emulator","localhost:5001"],"optionalArgs":["port","webchannel_port","host","rules","functions_emulator","seed_from_export"],"joinArgs":false} {"metadata":{"emulator":{"name":"firestore"},"message":"Starting Firestore Emulator with command {\"binary\":\"java\",\"args\":[\"-Duser.language=en\",\"-jar\",\"/Users/jwlbaart/.cache/firebase/emulators/cloud-firestore-emulator-v1.11.9.jar\",\"--host\",\"localhost\",\"--port\",8080,\"--rules\",\"/Users/jwlbaart/git/prive/nike-sales-tracker/firestore.rules\",\"--functions_emulator\",\"localhost:5001\"],\"optionalArgs\":[\"port\",\"webchannel_port\",\"host\",\"rules\",\"functions_emulator\",\"seed_from_export\"],\"joinArgs\":false}"}}
[info] i  firestore: Firestore Emulator logging to firestore-debug.log {"metadata":{"emulator":{"name":"firestore"},"message":"Firestore Emulator logging to \u001b[1mfirestore-debug.log\u001b[22m"}}
[debug] [2020-11-18T19:52:13.324Z] API endpoint: http:// {"metadata":{"emulator":{"name":"firestore"},"message":"API endpoint: http://"}}
[debug] [2020-11-18T19:52:13.324Z] localhost:8080
If you are using a library that supports the FIRESTORE_EMULATOR_HOST environment variable, run:

   export FIRESTORE_EMULATOR_HOST=localhost:8080

Dev App Server is now running.

 {"metadata":{"emulator":{"name":"firestore"},"message":"localhost:8080\nIf you are using a library that supports the FIRESTORE_EMULATOR_HOST environment variable, run:\n\n   export FIRESTORE_EMULATOR_HOST=localhost:8080\n\nDev App Server is now running.\n\n"}}
[debug] [2020-11-18T19:52:15.275Z] Ignoring unsupported arg: auto_download {"metadata":{"emulator":{"name":"ui"},"message":"Ignoring unsupported arg: auto_download"}}
[debug] [2020-11-18T19:52:15.276Z] Ignoring unsupported arg: port {"metadata":{"emulator":{"name":"ui"},"message":"Ignoring unsupported arg: port"}}
[debug] [2020-11-18T19:52:15.276Z] Starting Emulator UI with command {"binary":"node","args":["/Users/jwlbaart/.cache/firebase/emulators/ui-v1.2.2/server.bundle.js"],"optionalArgs":[],"joinArgs":false} {"metadata":{"emulator":{"name":"ui"},"message":"Starting Emulator UI with command {\"binary\":\"node\",\"args\":[\"/Users/jwlbaart/.cache/firebase/emulators/ui-v1.2.2/server.bundle.js\"],\"optionalArgs\":[],\"joinArgs\":false}"}}
[info] i  ui: Emulator UI logging to ui-debug.log {"metadata":{"emulator":{"name":"ui"},"message":"Emulator UI logging to \u001b[1mui-debug.log\u001b[22m"}}
[debug] [2020-11-18T19:52:15.359Z] Web / API server started at http://localhost:4000
 {"metadata":{"emulator":{"name":"ui"},"message":"Web / API server started at http://localhost:4000\n"}}
[info] i  functions: Watching "/Users/jwlbaart/git/prive/nike-sales-tracker/functions" for Cloud Functions... {"metadata":{"emulator":{"name":"functions"},"message":"Watching \"/Users/jwlbaart/git/prive/nike-sales-tracker/functions\" for Cloud Functions..."}}
[debug] [2020-11-18T19:52:15.543Z] [worker-pool] addWorker(~diagnostic~) {"metadata":{"emulator":{"name":"functions"},"message":"[worker-pool] addWorker(~diagnostic~)"}}
[debug] [2020-11-18T19:52:15.543Z] [worker-pool] Adding worker with key ~diagnostic~, total=1 {"metadata":{"emulator":{"name":"functions"},"message":"[worker-pool] Adding worker with key ~diagnostic~, total=1"}}
[debug] [2020-11-18T19:52:15.544Z] [worker-pool] submitWork(triggerId=) {"metadata":{"emulator":{"name":"functions"},"message":"[worker-pool] submitWork(triggerId=)"}}
[debug] [2020-11-18T19:52:15.544Z] [worker-~diagnostic~-4d5aa99b-662f-4f84-aefd-c708df2fe192]: Assigning socketPath: /var/folders/mz/jsz3f5x56sd02b_g2np6fwd40000gn/T/fire_emu_90650.sock {"metadata":{"emulator":{"name":"functions"},"message":"[worker-~diagnostic~-4d5aa99b-662f-4f84-aefd-c708df2fe192]: Assigning socketPath: /var/folders/mz/jsz3f5x56sd02b_g2np6fwd40000gn/T/fire_emu_90650.sock"}}
[debug] [2020-11-18T19:52:15.544Z] [worker-~diagnostic~-4d5aa99b-662f-4f84-aefd-c708df2fe192]: BUSY {"metadata":{"emulator":{"name":"functions"},"message":"[worker-~diagnostic~-4d5aa99b-662f-4f84-aefd-c708df2fe192]: BUSY"}}
[debug] [2020-11-18T19:52:15.727Z] [runtime-status] [90650] Functions runtime initialized. {"cwd":"/Users/jwlbaart/git/prive/nike-sales-tracker/functions","node_version":"12.19.1"} {"metadata":{"emulator":{"name":"functions"},"message":"[runtime-status] [90650] Functions runtime initialized. {\"cwd\":\"/Users/jwlbaart/git/prive/nike-sales-tracker/functions\",\"node_version\":\"12.19.1\"}"}}
[debug] [2020-11-18T19:52:15.727Z] [runtime-status] [90650] Disabled runtime features: undefined {"metadata":{"emulator":{"name":"functions"},"message":"[runtime-status] [90650] Disabled runtime features: undefined"}}
[debug] [2020-11-18T19:52:15.729Z] [runtime-status] [90650] Resolved module firebase-admin {"declared":true,"installed":true,"version":"9.4.1","resolution":"/Users/jwlbaart/git/prive/nike-sales-tracker/functions/node_modules/firebase-admin/lib/index.js"} {"metadata":{"emulator":{"name":"functions"},"message":"[runtime-status] [90650] Resolved module firebase-admin {\"declared\":true,\"installed\":true,\"version\":\"9.4.1\",\"resolution\":\"/Users/jwlbaart/git/prive/nike-sales-tracker/functions/node_modules/firebase-admin/lib/index.js\"}"}}
[debug] [2020-11-18T19:52:15.730Z] [runtime-status] [90650] Resolved module firebase-functions {"declared":true,"installed":true,"version":"3.11.0","resolution":"/Users/jwlbaart/git/prive/nike-sales-tracker/functions/node_modules/firebase-functions/lib/index.js"} {"metadata":{"emulator":{"name":"functions"},"message":"[runtime-status] [90650] Resolved module firebase-functions {\"declared\":true,\"installed\":true,\"version\":\"3.11.0\",\"resolution\":\"/Users/jwlbaart/git/prive/nike-sales-tracker/functions/node_modules/firebase-functions/lib/index.js\"}"}}
[debug] [2020-11-18T19:52:15.730Z] [runtime-status] [90650] Resolved module firebase-functions {"declared":true,"installed":true,"version":"3.11.0","resolution":"/Users/jwlbaart/git/prive/nike-sales-tracker/functions/node_modules/firebase-functions/lib/index.js"} {"metadata":{"emulator":{"name":"functions"},"message":"[runtime-status] [90650] Resolved module firebase-functions {\"declared\":true,\"installed\":true,\"version\":\"3.11.0\",\"resolution\":\"/Users/jwlbaart/git/prive/nike-sales-tracker/functions/node_modules/firebase-functions/lib/index.js\"}"}}
[debug] [2020-11-18T19:52:15.731Z] [runtime-status] [90650] Outgoing network have been stubbed. [{"name":"http","status":"mocked"},{"name":"http","status":"mocked"},{"name":"https","status":"mocked"},{"name":"https","status":"mocked"},{"name":"net","status":"mocked"}] {"metadata":{"emulator":{"name":"functions"},"message":"[runtime-status] [90650] Outgoing network have been stubbed. [{\"name\":\"http\",\"status\":\"mocked\"},{\"name\":\"http\",\"status\":\"mocked\"},{\"name\":\"https\",\"status\":\"mocked\"},{\"name\":\"https\",\"status\":\"mocked\"},{\"name\":\"net\",\"status\":\"mocked\"}]"}}
[debug] [2020-11-18T19:52:15.732Z] [runtime-status] [90650] Resolved module firebase-functions {"declared":true,"installed":true,"version":"3.11.0","resolution":"/Users/jwlbaart/git/prive/nike-sales-tracker/functions/node_modules/firebase-functions/lib/index.js"} {"metadata":{"emulator":{"name":"functions"},"message":"[runtime-status] [90650] Resolved module firebase-functions {\"declared\":true,\"installed\":true,\"version\":\"3.11.0\",\"resolution\":\"/Users/jwlbaart/git/prive/nike-sales-tracker/functions/node_modules/firebase-functions/lib/index.js\"}"}}
[debug] [2020-11-18T19:52:15.779Z] [runtime-status] [90650] Checked functions.config() {"config":{}} {"metadata":{"emulator":{"name":"functions"},"message":"[runtime-status] [90650] Checked functions.config() {\"config\":{}}"}}
[debug] [2020-11-18T19:52:15.780Z] [runtime-status] [90650] firebase-functions has been stubbed. {"functionsResolution":{"declared":true,"installed":true,"version":"3.11.0","resolution":"/Users/jwlbaart/git/prive/nike-sales-tracker/functions/node_modules/firebase-functions/lib/index.js"}} {"metadata":{"emulator":{"name":"functions"},"message":"[runtime-status] [90650] firebase-functions has been stubbed. {\"functionsResolution\":{\"declared\":true,\"installed\":true,\"version\":\"3.11.0\",\"resolution\":\"/Users/jwlbaart/git/prive/nike-sales-tracker/functions/node_modules/firebase-functions/lib/index.js\"}}"}}
[debug] [2020-11-18T19:52:15.780Z] [runtime-status] [90650] Resolved module firebase-functions {"declared":true,"installed":true,"version":"3.11.0","resolution":"/Users/jwlbaart/git/prive/nike-sales-tracker/functions/node_modules/firebase-functions/lib/index.js"} {"metadata":{"emulator":{"name":"functions"},"message":"[runtime-status] [90650] Resolved module firebase-functions {\"declared\":true,\"installed\":true,\"version\":\"3.11.0\",\"resolution\":\"/Users/jwlbaart/git/prive/nike-sales-tracker/functions/node_modules/firebase-functions/lib/index.js\"}"}}
[debug] [2020-11-18T19:52:15.780Z] [runtime-status] [90650] Resolved module firebase-admin {"declared":true,"installed":true,"version":"9.4.1","resolution":"/Users/jwlbaart/git/prive/nike-sales-tracker/functions/node_modules/firebase-admin/lib/index.js"} {"metadata":{"emulator":{"name":"functions"},"message":"[runtime-status] [90650] Resolved module firebase-admin {\"declared\":true,\"installed\":true,\"version\":\"9.4.1\",\"resolution\":\"/Users/jwlbaart/git/prive/nike-sales-tracker/functions/node_modules/firebase-admin/lib/index.js\"}"}}
[debug] [2020-11-18T19:52:15.781Z] [runtime-status] [90650] Resolved module firebase-functions {"declared":true,"installed":true,"version":"3.11.0","resolution":"/Users/jwlbaart/git/prive/nike-sales-tracker/functions/node_modules/firebase-functions/lib/index.js"} {"metadata":{"emulator":{"name":"functions"},"message":"[runtime-status] [90650] Resolved module firebase-functions {\"declared\":true,\"installed\":true,\"version\":\"3.11.0\",\"resolution\":\"/Users/jwlbaart/git/prive/nike-sales-tracker/functions/node_modules/firebase-functions/lib/index.js\"}"}}
[debug] [2020-11-18T19:52:15.781Z] [runtime-status] [90650] firebase-admin has been stubbed. {"adminResolution":{"declared":true,"installed":true,"version":"9.4.1","resolution":"/Users/jwlbaart/git/prive/nike-sales-tracker/functions/node_modules/firebase-admin/lib/index.js"}} {"metadata":{"emulator":{"name":"functions"},"message":"[runtime-status] [90650] firebase-admin has been stubbed. {\"adminResolution\":{\"declared\":true,\"installed\":true,\"version\":\"9.4.1\",\"resolution\":\"/Users/jwlbaart/git/prive/nike-sales-tracker/functions/node_modules/firebase-admin/lib/index.js\"}}"}}
[info] ✔  functions[helloWorld]: http function initialized (http://localhost:5001/nike-sales-tracker/us-central1/helloWorld). {"metadata":{"emulator":{"name":"functions"},"message":"\u001b[1mhttp\u001b[22m function initialized (http://localhost:5001/nike-sales-tracker/us-central1/helloWorld)."}}
[info] 
┌────────────────────────────────────────────────────────────────┐
│ ✔  All emulators ready! View status and logs at localhost:4000 │
└────────────────────────────────────────────────────────────────┘

┌────────────────┬────────────────┬──────────────────────────┐
│ Emulator       │ Host:Port      │ View in Emulator UI      │
├────────────────┼────────────────┼──────────────────────────┤
│ Authentication │ localhost:9099 │ localhost:4000/auth      │
├────────────────┼────────────────┼──────────────────────────┤
│ Functions      │ localhost:5001 │ localhost:4000/functions │
├────────────────┼────────────────┼──────────────────────────┤
│ Firestore      │ localhost:8080 │ localhost:4000/firestore │
└────────────────┴────────────────┴──────────────────────────┘
  Other reserved ports: 4400, 4500

Issues? Report them at https://github.com/firebase/firebase-tools/issues and attach the *-debug.log files.
 
[debug] [2020-11-18T19:52:15.793Z] [worker-~diagnostic~-4d5aa99b-662f-4f84-aefd-c708df2fe192]: IDLE {"metadata":{"emulator":{"name":"functions"},"message":"[worker-~diagnostic~-4d5aa99b-662f-4f84-aefd-c708df2fe192]: IDLE"}}
